<?xml version="1.0" encoding="UTF-8"?>
<!-- Generated by org.testng.reporters.JUnitReportReporter -->
<testsuite skipped="0" hostname="INW-124" name="com.test.NewTest" tests="2" failures="0" timestamp="30 Jul 2018 15:18:51 GMT" time="0.009" errors="0">
  <testcase name="testmethod1" time="0.007" classname="com.test.NewTest"/>
  <testcase name="testmethod2" time="0.002" classname="com.test.NewTest"/>
</testsuite> <!-- com.test.NewTest -->
